<?xml version="1.0" encoding="UTF-8" ?>
<testsuite failures="0" time="13.047" errors="0" skipped="0" tests="4" name="InjectedTest">
  <properties>
[...]
</properties>
  <testcase time="0.05" classname="org.jvnet.hudson.test.JellyTestSuiteBuilder$JellyCheck" name="/Users/marschall/Documents/workspace/pharo-build/target/generated-classes/cobertura/index.jelly"/>
  <testcase time="0.413" classname="org.jvnet.hudson.test.JellyTestSuiteBuilder$JellyCheck" name="/Users/marschall/Documents/workspace/pharo-build/target/generated-classes/cobertura/st/seaside/PharoBuilder/config.jelly"/>
  <testcase time="0.136" classname="org.jvnet.hudson.test.JellyTestSuiteBuilder$JellyCheck" name="/Users/marschall/Documents/workspace/pharo-build/target/generated-classes/cobertura/st/seaside/PharoBuilder/global.jelly"/>
  <testcase time="0" classname="org.jvnet.hudson.test.junit.FailedTest" name="org.jvnet.hudson.test.JellyTestSuiteBuilder$JellyTestSuite"/>
</testsuite>